<?xml version="1.0"?>
<component name="org.nuxeo.ecm.core.test.repository">
  <extension target="org.nuxeo.ecm.core.storage.mongodb.MongoDBRepositoryService" point="repository">
    <repository name="test" label="MongoDB Repository">
      <server>${nuxeo.test.mongodb.server}</server>
      <dbname>${nuxeo.test.mongodb.dbname}</dbname>
      <fulltext disabled="${nuxeo.test.fulltext.disabled}" searchDisabled="${nuxeo.test.fulltext.search.disabled}" />
    </repository>
  </extension>
</component>
