<?xml version="1.0"?>
<component name="org.nuxeo.ecm.core.storage.sql.test.repo.repository">
  <extension target="org.nuxeo.ecm.core.storage.sql.RepositoryService"
    point="repository">
    <repository name="test">
      <idType>${nuxeo.test.vcs.idtype}</idType>
      <schema>
        <field type="largetext">note</field>
        <field type="largetext">relatedtext</field>
      </schema>
      <indexing>
        <neverPerDocumentFacets>
          <facet>NotPerDocFacet</facet>
        </neverPerDocumentFacets>
        <fulltext analyzer="french" disabled="${nuxeo.test.fulltext.disabled}"
          searchDisabled="${nuxeo.test.fulltext.search.disabled}">
          <index> <!-- name="default" implied -->
            <!-- all props implied -->
          </index>
          <index name="title">
            <field>dc:title</field>
          </index>
        </fulltext>
      </indexing>
      <pathOptimizations enabled="true"/>
      <xa-datasource>org.postgresql.xa.PGXADataSource</xa-datasource>
      <property name="ServerName">${nuxeo.test.vcs.server}</property>
      <property name="PortNumber">${nuxeo.test.vcs.port}</property>
      <property name="DatabaseName">${nuxeo.test.vcs.database}</property>
      <property name="User">${nuxeo.test.vcs.user}</property>
      <property name="Password">${nuxeo.test.vcs.password}</property>
    </repository>
  </extension>
</component>
